2023-08-06T23:12:08.878  WARN --- [  Thread-108] hypercorn.error            : ASGI Framework Lifespan error, continuing without Lifespan support
2023-08-06T23:12:08.878  WARN --- [  Thread-108] hypercorn.error            : ASGI Framework Lifespan error, continuing without Lifespan support
2023-08-06T23:12:08.888  INFO --- [  Thread-108] hypercorn.error            : Running on https://0.0.0.0:4566 (CTRL + C to quit)
2023-08-06T23:12:08.888  INFO --- [  Thread-108] hypercorn.error            : Running on https://0.0.0.0:4566 (CTRL + C to quit)
2023-08-06T23:12:08.939  INFO --- [  MainThread] localstack.utils.bootstrap : Execution of "start_runtime_components" took 639.20ms
2023-08-06T23:12:32.417  INFO --- [  Thread-117] l.services.motoserver      : starting moto server on http://0.0.0.0:60485
2023-08-06T23:12:32.419  INFO --- [   asgi_gw_0] localstack.services.infra  : Starting mock S3 service on http port 4566 ...
2023-08-06T23:12:32.678  INFO --- [   asgi_gw_0] localstack.request.aws     : AWS s3.CreateBucket => 200
2023-08-06T23:12:36.058  INFO --- [   asgi_gw_0] localstack.request.aws     : AWS s3.ListBuckets => 200
2023-08-06T23:12:39.575  INFO --- [   asgi_gw_0] localstack.request.aws     : AWS s3.GetBucketLocation => 200
2023-08-06T23:12:42.914  INFO --- [   asgi_gw_0] localstack.request.aws     : AWS s3.PutObject => 200
2023-08-06T23:12:46.224  INFO --- [   asgi_gw_0] localstack.request.aws     : AWS s3.ListObjectsV2 => 200
2023-08-06T23:12:56.898  INFO --- [   asgi_gw_0] localstack.request.aws     : AWS iam.DeletePolicy => 404 (NoSuchEntity)
2023-08-06T23:13:00.295  INFO --- [   asgi_gw_0] localstack.request.aws     : AWS iam.CreatePolicy => 200
2023-08-06T23:13:03.728 ERROR --- [   asgi_gw_0] l.aws.handlers.logging     : exception during call chain: 404 Not Found: <?xml version="1.0" encoding="UTF-8"?>
<ErrorResponse xmlns="https://iam.amazonaws.com/doc/2010-05-08/">
    <Error>
        <Code>NoSuchEntity</Code>
        <Message>Role lambda-role not found</Message>
        
        <RequestId>7a62c49f-347e-4fc4-9331-6e8eEXAMPLE</RequestId>
    </Error>
</ErrorResponse>
2023-08-06T23:13:03.730  INFO --- [   asgi_gw_0] localstack.request.aws     : AWS iam.DetachRolePolicy => 500 (InternalError)
2023-08-06T23:13:06.331 ERROR --- [   asgi_gw_0] l.aws.handlers.logging     : exception during call chain: 404 Not Found: <?xml version="1.0" encoding="UTF-8"?>
<ErrorResponse xmlns="https://iam.amazonaws.com/doc/2010-05-08/">
    <Error>
        <Code>NoSuchEntity</Code>
        <Message>Role lambda-role not found</Message>
        
        <RequestId>7a62c49f-347e-4fc4-9331-6e8eEXAMPLE</RequestId>
    </Error>
</ErrorResponse>
2023-08-06T23:13:06.333  INFO --- [   asgi_gw_0] localstack.request.aws     : AWS iam.DetachRolePolicy => 500 (InternalError)
2023-08-06T23:13:09.687 ERROR --- [   asgi_gw_0] l.aws.handlers.logging     : exception during call chain: 404 Not Found: <?xml version="1.0" encoding="UTF-8"?>
<ErrorResponse xmlns="https://iam.amazonaws.com/doc/2010-05-08/">
    <Error>
        <Code>NoSuchEntity</Code>
        <Message>Role lambda-role not found</Message>
        
        <RequestId>7a62c49f-347e-4fc4-9331-6e8eEXAMPLE</RequestId>
    </Error>
</ErrorResponse>
2023-08-06T23:13:09.688  INFO --- [   asgi_gw_0] localstack.request.aws     : AWS iam.DetachRolePolicy => 500 (InternalError)
2023-08-06T23:13:14.014 ERROR --- [   asgi_gw_0] l.aws.handlers.logging     : exception during call chain: 404 Not Found: <?xml version="1.0" encoding="UTF-8"?>
<ErrorResponse xmlns="https://iam.amazonaws.com/doc/2010-05-08/">
    <Error>
        <Code>NoSuchEntity</Code>
        <Message>Role lambda-role not found</Message>
        
        <RequestId>7a62c49f-347e-4fc4-9331-6e8eEXAMPLE</RequestId>
    </Error>
</ErrorResponse>
2023-08-06T23:13:14.015  INFO --- [   asgi_gw_0] localstack.request.aws     : AWS iam.DetachRolePolicy => 500 (InternalError)
2023-08-06T23:13:21.968 ERROR --- [   asgi_gw_0] l.aws.handlers.logging     : exception during call chain: 404 Not Found: <?xml version="1.0" encoding="UTF-8"?>
<ErrorResponse xmlns="https://iam.amazonaws.com/doc/2010-05-08/">
    <Error>
        <Code>NoSuchEntity</Code>
        <Message>Role lambda-role not found</Message>
        
        <RequestId>7a62c49f-347e-4fc4-9331-6e8eEXAMPLE</RequestId>
    </Error>
</ErrorResponse>
2023-08-06T23:13:21.969  INFO --- [   asgi_gw_0] localstack.request.aws     : AWS iam.DetachRolePolicy => 500 (InternalError)
2023-08-06T23:13:25.482  INFO --- [   asgi_gw_0] localstack.request.aws     : AWS iam.DeleteRole => 404 (NoSuchEntity)
2023-08-06T23:13:28.918  INFO --- [   asgi_gw_0] localstack.request.aws     : AWS iam.CreateRole => 200
2023-08-06T23:13:32.278  INFO --- [   asgi_gw_0] localstack.request.aws     : AWS iam.AttachRolePolicy => 200
2023-08-06T23:13:36.329  INFO --- [   asgi_gw_0] localstack.services.infra  : Starting mock Lambda service on http port 4566 ...
2023-08-06T23:13:36.892  INFO --- [   asgi_gw_0] localstack.utils.bootstrap : Execution of "require" took 809.19ms
2023-08-06T23:13:36.905  INFO --- [   asgi_gw_0] localstack.request.aws     : AWS lambda.DeleteFunction => 404 (ResourceNotFoundException)
2023-08-06T23:13:46.576  INFO --- [   asgi_gw_0] localstack.request.aws     : AWS lambda.CreateFunction => 200
2023-08-06T23:13:50.881  INFO --- [uest_thread)] l.u.container_networking   : Determined main container network: poc-localstack-terraform_default
2023-08-06T23:13:50.898  INFO --- [uest_thread)] l.u.container_networking   : Determined main container target IP: 172.27.0.2
2023-08-06T23:13:50.898  INFO --- [uest_thread)] l.s.a.lambda_executors     : Running lambda: arn:aws:lambda:us-east-1:000000000000:function:lbd-search-file
2023-08-06T23:14:00.500  INFO --- [   asgi_gw_0] localstack.request.aws     : AWS s3.GetObject => 200
2023-08-06T23:14:01.218  INFO --- [   asgi_gw_1] localstack.request.aws     : AWS lambda.Invoke => 200
